<?xml version="1.0" encoding="UTF-8"?>
<testng-results skipped="0" failed="0" ignored="0" total="1" passed="1">
  <reporter-output>
  </reporter-output>
  <suite name="Suite" duration-ms="14001" started-at="2020-05-23T13:09:40 IST" finished-at="2020-05-23T13:09:54 IST">
    <groups>
    </groups>
    <test name="Test" duration-ms="14001" started-at="2020-05-23T13:09:40 IST" finished-at="2020-05-23T13:09:54 IST">
      <class name="testpage.LoginTest">
        <test-method status="PASS" signature="urlup()[pri:0, instance:testpage.LoginTest@72f8ae0c]" name="urlup" is-config="true" duration-ms="11199" started-at="2020-05-23T13:09:29 IST" finished-at="2020-05-23T13:09:40 IST">
          <reporter-output>
          </reporter-output>
        </test-method> <!-- urlup -->
        <test-method status="PASS" signature="Login()[pri:0, instance:testpage.LoginTest@72f8ae0c]" name="Login" duration-ms="13916" started-at="2020-05-23T13:09:40 IST" finished-at="2020-05-23T13:09:54 IST">
          <reporter-output>
          </reporter-output>
        </test-method> <!-- Login -->
        <test-method status="PASS" signature="exit()[pri:0, instance:testpage.LoginTest@72f8ae0c]" name="exit" is-config="true" duration-ms="1" started-at="2020-05-23T13:09:54 IST" finished-at="2020-05-23T13:09:54 IST">
          <reporter-output>
          </reporter-output>
        </test-method> <!-- exit -->
      </class> <!-- testpage.LoginTest -->
    </test> <!-- Test -->
  </suite> <!-- Suite -->
</testng-results>
